# JRE version: OpenJDK Runtime Environment (11.0.10) (build 11.0.10+0-b96-7249189)
# Java VM: OpenJDK 64-Bit Server VM (11.0.10+0-b96-7249189, mixed mode, tiered, compressed oops, g1 gc, windows-amd64)
Heap:
 garbage-first heap   total 280576K, used 173568K [0x0000000080000000, 0x0000000100000000)
  region size 1024K, 84 young (86016K), 13 survivors (13312K)
 Metaspace       used 93514K, capacity 96137K, committed 96512K, reserved 1132544K
  class space    used 11998K, capacity 12934K, committed 13056K, reserved 1048576K
GC Heap History (20 events):
Event: 14.136 GC heap before
{Heap before GC invocations=7 (full 0):
 garbage-first heap   total 194560K, used 83819K [0x0000000080000000, 0x0000000100000000)
  region size 1024K, 74 young (75776K), 9 survivors (9216K)
 Metaspace       used 26892K, capacity 27640K, committed 27904K, reserved 1073152K
  class space    used 3536K, capacity 3794K, committed 3840K, reserved 1048576K
}
Event: 14.169 GC heap after
{Heap after GC invocations=8 (full 0):
 garbage-first heap   total 233472K, used 19094K [0x0000000080000000, 0x0000000100000000)
  region size 1024K, 3 young (3072K), 3 survivors (3072K)
 Metaspace       used 26892K, capacity 27640K, committed 27904K, reserved 1073152K
  class space    used 3536K, capacity 3794K, committed 3840K, reserved 1048576K
}
Event: 16.676 GC heap before
{Heap before GC invocations=8 (full 0):
 garbage-first heap   total 233472K, used 62102K [0x0000000080000000, 0x0000000100000000)
  region size 1024K, 46 young (47104K), 3 survivors (3072K)
 Metaspace       used 35057K, capacity 35795K, committed 35840K, reserved 1081344K
  class space    used 4535K, capacity 4832K, committed 4864K, reserved 1048576K
}
Event: 16.699 GC heap after
{Heap after GC invocations=9 (full 0):
 garbage-first heap   total 233472K, used 23304K [0x0000000080000000, 0x0000000100000000)
  region size 1024K, 7 young (7168K), 7 survivors (7168K)
 Metaspace       used 35057K, capacity 35795K, committed 35840K, reserved 1081344K
  class space    used 4535K, capacity 4832K, committed 4864K, reserved 1048576K
}
Event: 19.567 GC heap before
{Heap before GC invocations=10 (full 0):
 garbage-first heap   total 233472K, used 101128K [0x0000000080000000, 0x0000000100000000)
  region size 1024K, 81 young (82944K), 7 survivors (7168K)
 Metaspace       used 40778K, capacity 41738K, committed 41984K, reserved 1085440K
  class space    used 5241K, capacity 5565K, committed 5632K, reserved 1048576K
}
Event: 19.611 GC heap after
{Heap after GC invocations=11 (full 0):
 garbage-first heap   total 233472K, used 27537K [0x0000000080000000, 0x0000000100000000)
  region size 1024K, 9 young (9216K), 9 survivors (9216K)
 Metaspace       used 40778K, capacity 41738K, committed 41984K, reserved 1085440K
  class space    used 5241K, capacity 5565K, committed 5632K, reserved 1048576K
}
Event: 32.136 GC heap before
{Heap before GC invocations=11 (full 0):
 garbage-first heap   total 233472K, used 143249K [0x0000000080000000, 0x0000000100000000)
  region size 1024K, 114 young (116736K), 9 survivors (9216K)
 Metaspace       used 47999K, capacity 49242K, committed 49408K, reserved 1091584K
  class space    used 6095K, capacity 6547K, committed 6656K, reserved 1048576K
}
Event: 32.205 GC heap after
{Heap after GC invocations=12 (full 0):
 garbage-first heap   total 233472K, used 46434K [0x0000000080000000, 0x0000000100000000)
  region size 1024K, 15 young (15360K), 15 survivors (15360K)
 Metaspace       used 47999K, capacity 49242K, committed 49408K, reserved 1091584K
  class space    used 6095K, capacity 6547K, committed 6656K, reserved 1048576K
}
Event: 36.117 GC heap before
{Heap before GC invocations=12 (full 0):
 garbage-first heap   total 233472K, used 121186K [0x0000000080000000, 0x0000000100000000)
  region size 1024K, 89 young (91136K), 15 survivors (15360K)
 Metaspace       used 58571K, capacity 60024K, committed 60160K, reserved 1101824K
  class space    used 7399K, capacity 7940K, committed 8064K, reserved 1048576K
}
Event: 36.214 GC heap after
{Heap after GC invocations=13 (full 0):
 garbage-first heap   total 233472K, used 50477K [0x0000000080000000, 0x0000000100000000)
  region size 1024K, 4 young (4096K), 4 survivors (4096K)
 Metaspace       used 58571K, capacity 60024K, committed 60160K, reserved 1101824K
  class space    used 7399K, capacity 7940K, committed 8064K, reserved 1048576K
}
Event: 44.172 GC heap before
{Heap before GC invocations=14 (full 0):
 garbage-first heap   total 233472K, used 152877K [0x0000000080000000, 0x0000000100000000)
  region size 1024K, 104 young (106496K), 4 survivors (4096K)
 Metaspace       used 66173K, capacity 67772K, committed 67840K, reserved 1107968K
  class space    used 8345K, capacity 8927K, committed 8960K, reserved 1048576K
}
Event: 44.228 GC heap after
{Heap after GC invocations=15 (full 0):
 garbage-first heap   total 280576K, used 57991K [0x0000000080000000, 0x0000000100000000)
  region size 1024K, 11 young (11264K), 11 survivors (11264K)
 Metaspace       used 66173K, capacity 67772K, committed 67840K, reserved 1107968K
  class space    used 8345K, capacity 8927K, committed 8960K, reserved 1048576K
}
Event: 52.934 GC heap before
{Heap before GC invocations=15 (full 0):
 garbage-first heap   total 280576K, used 166535K [0x0000000080000000, 0x0000000100000000)
  region size 1024K, 117 young (119808K), 11 survivors (11264K)
 Metaspace       used 77638K, capacity 79393K, committed 79488K, reserved 1118208K
  class space    used 9991K, capacity 10602K, committed 10624K, reserved 1048576K
}
Event: 53.009 GC heap after
{Heap after GC invocations=16 (full 0):
 garbage-first heap   total 280576K, used 65013K [0x0000000080000000, 0x0000000100000000)
  region size 1024K, 7 young (7168K), 7 survivors (7168K)
 Metaspace       used 77638K, capacity 79393K, committed 79488K, reserved 1118208K
  class space    used 9991K, capacity 10602K, committed 10624K, reserved 1048576K
}
Event: 64.334 GC heap before
{Heap before GC invocations=16 (full 0):
 garbage-first heap   total 280576K, used 180725K [0x0000000080000000, 0x0000000100000000)
  region size 1024K, 121 young (123904K), 7 survivors (7168K)
 Metaspace       used 84113K, capacity 86210K, committed 86400K, reserved 1124352K
  class space    used 10855K, capacity 11642K, committed 11648K, reserved 1048576K
}
Event: 64.404 GC heap after
{Heap after GC invocations=17 (full 0):
 garbage-first heap   total 280576K, used 72181K [0x0000000080000000, 0x0000000100000000)
  region size 1024K, 14 young (14336K), 14 survivors (14336K)
 Metaspace       used 84113K, capacity 86210K, committed 86400K, reserved 1124352K
  class space    used 10855K, capacity 11642K, committed 11648K, reserved 1048576K
}
Event: 1183.992 GC heap before
{Heap before GC invocations=17 (full 0):
 garbage-first heap   total 280576K, used 210421K [0x0000000080000000, 0x0000000100000000)
  region size 1024K, 135 young (138240K), 14 survivors (14336K)
 Metaspace       used 89024K, capacity 91287K, committed 91520K, reserved 1128448K
  class space    used 11543K, capacity 12373K, committed 12416K, reserved 1048576K
}
Event: 1184.121 GC heap after
{Heap after GC invocations=18 (full 0):
 garbage-first heap   total 280576K, used 96138K [0x0000000080000000, 0x0000000100000000)
  region size 1024K, 16 young (16384K), 16 survivors (16384K)
 Metaspace       used 89024K, capacity 91287K, committed 91520K, reserved 1128448K
  class space    used 11543K, capacity 12373K, committed 12416K, reserved 1048576K
}
Event: 1196.758 GC heap before
{Heap before GC invocations=18 (full 0):
 garbage-first heap   total 280576K, used 216970K [0x0000000080000000, 0x0000000100000000)
  region size 1024K, 131 young (134144K), 16 survivors (16384K)
 Metaspace       used 91559K, capacity 93972K, committed 94208K, reserved 1130496K
  class space    used 11818K, capacity 12731K, committed 12800K, reserved 1048576K
}
Event: 1196.853 GC heap after
{Heap after GC invocations=19 (full 0):
 garbage-first heap   total 280576K, used 102912K [0x0000000080000000, 0x0000000100000000)
  region size 1024K, 13 young (13312K), 13 survivors (13312K)
 Metaspace       used 91559K, capacity 93972K, committed 94208K, reserved 1130496K
  class space    used 11818K, capacity 12731K, committed 12800K, reserved 1048576K
}

